<?xml version="1.0" encoding="UTF-8"?>
<!-- Generated by org.testng.reporters.JUnitXMLReporter -->
<testsuite ignored="0" hostname="ue-ThinkPad-L470" failures="0" tests="3" name="Test" time="56.712" errors="0" timestamp="2023-10-17T22:20:51 IST">
  <testcase classname="pom.test.Login_Testcase_Manager" name="btnTc" time="0.083"/>
  <testcase classname="pom.test.Login_Testcase_Manager" name="username_tc_01" time="12.041"/>
  <testcase classname="pom.test.AddSingleRecordManager" name="AddRecord" time="25.391"/>
</testsuite> <!-- Test -->
