<?xml version="1.0" encoding="UTF-8"?>
<testng-results ignored="0" total="3" passed="3" failed="0" skipped="0">
  <reporter-output>
  </reporter-output>
  <suite started-at="2023-10-17T22:19:54 IST" name="Suite" finished-at="2023-10-17T22:20:51 IST" duration-ms="56712">
    <groups>
    </groups>
    <test started-at="2023-10-17T22:19:54 IST" name="Test" finished-at="2023-10-17T22:20:51 IST" duration-ms="56712">
      <class name="pom.test.AddSingleRecordManager">
        <test-method is-config="true" signature="setupopen()[pri:0, instance:pom.test.AddSingleRecordManager@222a59e6]" started-at="2023-10-17T22:20:22 IST" name="setupopen" finished-at="2023-10-17T22:20:25 IST" duration-ms="3764" status="PASS">
          <reporter-output>
          </reporter-output>
        </test-method> <!-- setupopen -->
        <test-method signature="AddRecord(java.lang.String,java.lang.String,java.lang.String,java.lang.String)[pri:0, instance:pom.test.AddSingleRecordManager@222a59e6]" started-at="2023-10-17T22:20:25 IST" name="AddRecord" data-provider="AddRecord" finished-at="2023-10-17T22:20:51 IST" duration-ms="25391" status="PASS">
          <params>
            <param index="0">
              <value>
                <![CDATA[Pritam]]>
              </value>
            </param>
            <param index="1">
              <value>
                <![CDATA[9762272743]]>
              </value>
            </param>
            <param index="2">
              <value>
                <![CDATA[pritamshah@gmail.com]]>
              </value>
            </param>
            <param index="3">
              <value>
                <![CDATA[01/08/2023]]>
              </value>
            </param>
          </params>
          <reporter-output>
          </reporter-output>
        </test-method> <!-- AddRecord -->
      </class> <!-- pom.test.AddSingleRecordManager -->
      <class name="pom.test.Login_Testcase_Manager">
        <test-method is-config="true" signature="generatereport()[pri:0, instance:pom.test.Login_Testcase_Manager@9cb8225]" started-at="2023-10-17T22:19:54 IST" name="generatereport" finished-at="2023-10-17T22:19:55 IST" duration-ms="323" status="PASS">
          <reporter-output>
          </reporter-output>
        </test-method> <!-- generatereport -->
        <test-method is-config="true" signature="setupopen()[pri:0, instance:pom.test.Login_Testcase_Manager@9cb8225]" started-at="2023-10-17T22:19:55 IST" name="setupopen" finished-at="2023-10-17T22:20:03 IST" duration-ms="8660" status="PASS">
          <reporter-output>
          </reporter-output>
        </test-method> <!-- setupopen -->
        <test-method signature="btnTc(java.lang.reflect.Method)[pri:0, instance:pom.test.Login_Testcase_Manager@9cb8225]" started-at="2023-10-17T22:20:03 IST" name="btnTc" finished-at="2023-10-17T22:20:03 IST" duration-ms="83" status="PASS">
          <params>
            <param index="0">
              <value>
                <![CDATA[public void pom.test.Login_Testcase_Manager.btnTc(java.lang.reflect.Method)]]>
              </value>
            </param>
          </params>
          <reporter-output>
          </reporter-output>
        </test-method> <!-- btnTc -->
        <test-method is-config="true" signature="setupclose(org.testng.ITestResult)[pri:0, instance:pom.test.Login_Testcase_Manager@9cb8225]" started-at="2023-10-17T22:20:03 IST" name="setupclose" finished-at="2023-10-17T22:20:04 IST" duration-ms="802" status="PASS">
          <params>
            <param index="0">
              <value>
                <![CDATA[[TestResult name=btnTc status=SUCCESS method=Login_Testcase_Manager.btnTc(java.lang.reflect.Method)[pri:0, instance:pom.test.Login_Testcase_Manager@9cb8225] output={null}]]]>
              </value>
            </param>
          </params>
          <reporter-output>
          </reporter-output>
        </test-method> <!-- setupclose -->
        <test-method is-config="true" signature="setupopen()[pri:0, instance:pom.test.Login_Testcase_Manager@9cb8225]" started-at="2023-10-17T22:20:05 IST" name="setupopen" finished-at="2023-10-17T22:20:09 IST" duration-ms="4638" status="PASS">
          <reporter-output>
          </reporter-output>
        </test-method> <!-- setupopen -->
        <test-method signature="username_tc_01(java.lang.String,java.lang.String,java.lang.reflect.Method)[pri:1, instance:pom.test.Login_Testcase_Manager@9cb8225]" started-at="2023-10-17T22:20:09 IST" name="username_tc_01" data-provider="creator" finished-at="2023-10-17T22:20:21 IST" duration-ms="12041" status="PASS">
          <params>
            <param index="0">
              <value>
                <![CDATA[City-metro]]>
              </value>
            </param>
            <param index="1">
              <value>
                <![CDATA[abcd@123]]>
              </value>
            </param>
            <param index="2">
              <value>
                <![CDATA[public void pom.test.Login_Testcase_Manager.username_tc_01(java.lang.String,java.lang.String,java.lang.reflect.Method)]]>
              </value>
            </param>
          </params>
          <reporter-output>
          </reporter-output>
        </test-method> <!-- username_tc_01 -->
        <test-method is-config="true" signature="setupclose(org.testng.ITestResult)[pri:0, instance:pom.test.Login_Testcase_Manager@9cb8225]" started-at="2023-10-17T22:20:21 IST" name="setupclose" finished-at="2023-10-17T22:20:22 IST" duration-ms="173" status="PASS">
          <params>
            <param index="0">
              <value>
                <![CDATA[[TestResult name=username_tc_01 status=SUCCESS method=Login_Testcase_Manager.username_tc_01(java.lang.String,java.lang.String,java.lang.reflect.Method)[pri:1, instance:pom.test.Login_Testcase_Manager@9cb8225] output={null}]]]>
              </value>
            </param>
          </params>
          <reporter-output>
          </reporter-output>
        </test-method> <!-- setupclose -->
      </class> <!-- pom.test.Login_Testcase_Manager -->
    </test> <!-- Test -->
  </suite> <!-- Suite -->
</testng-results>
